06/01/2020 01:37:13 PM: INFO: Element found with locator: //input[@class='LM6RPg'] and  locatorType: xpath
06/01/2020 01:37:14 PM: INFO: Sent data on element with locator: //input[@class='LM6RPg'] locatorType: xpath
06/01/2020 01:37:14 PM: INFO: Element found with locator: //button[@class='vh79eN'] and  locatorType: xpath
06/01/2020 01:37:14 PM: INFO: Clicked on element with locator: //button[@class='vh79eN'] locatorType: xpath
06/01/2020 01:37:14 PM: INFO: Element found with locator: //div[contains(text(),'Sorry, no results found!')] and  locatorType: xpath
06/01/2020 01:37:14 PM: INFO: Element Found
06/01/2020 01:37:14 PM: INFO: Element found with locator: //input[@class='LM6RPg'] and  locatorType: xpath
06/01/2020 01:37:14 PM: INFO: Sent data on element with locator: //input[@class='LM6RPg'] locatorType: xpath
06/01/2020 01:37:14 PM: INFO: Element found with locator: //button[@class='vh79eN'] and  locatorType: xpath
06/01/2020 01:37:14 PM: INFO: Clicked on element with locator: //button[@class='vh79eN'] locatorType: xpath
06/01/2020 01:37:17 PM: INFO: Element not found with locator: //div[contains(text(),'Sorry, no results found!')] and  locatorType: xpath
06/01/2020 01:37:17 PM: INFO: Element not found
catorType: xpath
06/01/2020 01:36:47 PM: INFO: Element Found
06/01/2020 01:36:57 PM: INFO: Element found with locator: (//div[@class='Km0IJL col col-3-5']//input)[1] and  locatorType: xpath
06/01/2020 01:36:58 PM: INFO: Sent data on element with locator: (//div[@class='Km0IJL col col-3-5']//input)[1] locatorType: xpath
06/01/2020 01:36:58 PM: INFO: Element found with locator: (//div[@class='Km0IJL col col-3-5']//input)[2] and  locatorType: xpath
06/01/2020 01:36:58 PM: INFO: Sent data on element with locator: (//div[@class='Km0IJL col col-3-5']//input)[2] locatorType: xpath
06/01/2020 01:36:58 PM: INFO: Element found with locator: //span[contains(text(),'Login')]/ancestor::button and  locatorType: xpath
06/01/2020 01:36:58 PM: INFO: Clicked on element with locator: //span[contains(text(),'Login')]/ancestor::button locatorType: xpath
06/01/2020 01:36:58 PM: INFO: Element found with locator: //span[contains(text(),'Your username or password is incorrect')] and  locatorType: xpath
06/01/2020 01:36:58 PM: INFO: Element Found
06/01/2020 01:36:58 PM: INFO: Element found with locator: //div[@class='_1XBjg- row'] and  locatorType: xpath
06/01/2020 01:36:58 PM: INFO: Element Found
06/01/2020 01:37:08 PM: INFO: Element found with locator: (//div[@class='Km0IJL col col-3-5']//input)[1] and  locatorType: xpath
06/01/2020 01:37:08 PM: INFO: Sent data on element with locator: (//div[@class='Km0IJL col col-3-5']//input)[1] locatorType: xpath
06/01/2020 01:37:08 PM: INFO: Element found with locator: (//div[@class='Km0IJL col col-3-5']//input)[2] and  locatorType: xpath
06/01/2020 01:37:08 PM: INFO: Sent data on element with locator: (//div[@class='Km0IJL col col-3-5']//input)[2] locatorType: xpath
06/01/2020 01:37:08 PM: INFO: Element found with locator: //span[contains(text(),'Login')]/ancestor::button and  locatorType: xpath
06/01/2020 01:37:08 PM: INFO: Clicked on element with locator: //span[contains(text(),'Login')]/ancestor::button locatorType: xpath
06/01/2020 01:37:10 PM: INFO: Element found with locator: //div[contains(text(),'My Account')] and  locatorType: xpath
06/01/2020 01:37:10 PM: INFO: Element Found
